<?xml version="1.0" encoding="UTF-8"?>
<!-- Generated by org.testng.reporters.JUnitReportReporter -->
<testsuite hostname="Janardhan" failures="0" tests="1" name="testNGScripts.LinktextLocatorDemo" time="11.798" errors="0" timestamp="2022-04-22T19:45:55 IST" skipped="0">
  <testcase classname="testNGScripts.LinktextLocatorDemo" name="linkTextDemo" time="11.798"/>
  <system-out/>
</testsuite> <!-- testNGScripts.LinktextLocatorDemo -->
