<?xml version="1.0" encoding="UTF-8"?>
<!-- Generated by org.testng.reporters.JUnitReportReporter -->
<testsuite hostname="Janardhan" failures="0" tests="4" name="testNGScripts.ParameterDemo" time="8.053" errors="0" timestamp="2022-04-22T19:39:02 IST" skipped="0">
  <testcase classname="testNGScripts.ParameterDemo" name="login" time="0.340"/>
  <system-out/>
  <testcase classname="testNGScripts.ParameterDemo" name="login" time="0.296"/>
  <system-out/>
  <testcase classname="testNGScripts.ParameterDemo" name="method2" time="3.724"/>
  <system-out/>
  <testcase classname="testNGScripts.ParameterDemo" name="method2" time="3.693"/>
  <system-out/>
</testsuite> <!-- testNGScripts.ParameterDemo -->
