<?xml version="1.0" encoding="UTF-8"?>
<!-- Generated by org.testng.reporters.JUnitReportReporter -->
<testsuite hostname="Janardhan" failures="0" tests="3" name="testNGScripts.TestAnnotation2" time="8.776" errors="0" timestamp="2022-04-22T19:45:55 IST" skipped="0">
  <testcase classname="testNGScripts.TestAnnotation2" name="dropdown" time="2.176"/>
  <system-out/>
  <testcase classname="testNGScripts.TestAnnotation2" name="checkbox" time="4.674"/>
  <system-out/>
  <testcase classname="testNGScripts.TestAnnotation2" name="login" time="1.926"/>
  <system-out/>
</testsuite> <!-- testNGScripts.TestAnnotation2 -->
