<?xml version="1.0" encoding="UTF-8"?>
<!-- Generated by org.testng.reporters.JUnitReportReporter -->
<testsuite hostname="Janardhan" failures="0" tests="1" name="testNGScripts.TestAnnotation1" time="4.172" errors="0" timestamp="2022-04-22T19:45:55 IST" skipped="0">
  <testcase classname="testNGScripts.TestAnnotation1" name="testcase1" time="4.172"/>
  <system-out/>
</testsuite> <!-- testNGScripts.TestAnnotation1 -->
