<?xml version="1.0" encoding="UTF-8"?>
<!-- Generated by org.testng.reporters.JUnitReportReporter -->
<testsuite hostname="Janardhan" failures="0" tests="4" name="testNGScripts.TesNgGroupsDemo" time="0.026" errors="0" timestamp="2022-04-22T18:20:31 IST" skipped="0">
  <testcase classname="testNGScripts.TesNgGroupsDemo" name="testcase5" time="0.003"/>
  <system-out/>
  <testcase classname="testNGScripts.TesNgGroupsDemo" name="testcase3" time="0.018"/>
  <system-out/>
  <testcase classname="testNGScripts.TesNgGroupsDemo" name="testcase4" time="0.003"/>
  <system-out/>
  <testcase classname="testNGScripts.TesNgGroupsDemo" name="testcase6" time="0.002"/>
  <system-out/>
</testsuite> <!-- testNGScripts.TesNgGroupsDemo -->
