<?xml version="1.0" encoding="UTF-8"?>
<!-- Generated by org.testng.reporters.JUnitReportReporter -->
<testsuite hostname="Janardhan" failures="0" tests="4" name="testNGScripts.TestAnnotations" time="0.011" errors="0" timestamp="2022-04-22T18:27:29 IST" skipped="0">
  <testcase classname="testNGScripts.TestAnnotations" name="login" time="0.003"/>
  <system-out/>
  <testcase classname="testNGScripts.TestAnnotations" name="ComposeEmail" time="0.004"/>
  <system-out/>
  <testcase classname="testNGScripts.TestAnnotations" name="SendEmail" time="0.002"/>
  <system-out/>
  <testcase classname="testNGScripts.TestAnnotations" name="logout" time="0.002"/>
  <system-out/>
</testsuite> <!-- testNGScripts.TestAnnotations -->
