<?xml version="1.0" encoding="UTF-8"?>
<!-- Generated by org.testng.reporters.JUnitReportReporter -->
<testsuite hostname="Janardhan" failures="0" tests="2" name="com.testannotations.TestAnnotations" time="0.021" errors="0" timestamp="2022-04-20T17:39:40 IST" skipped="0">
  <testcase classname="com.testannotations.TestAnnotations" name="Test1" time="0.016"/>
  <system-out/>
  <testcase classname="com.testannotations.TestAnnotations" name="Test2" time="0.005"/>
  <system-out/>
</testsuite> <!-- com.testannotations.TestAnnotations -->
