<?xml version="1.0" encoding="UTF-8"?>
<!-- Generated by org.testng.reporters.JUnitReportReporter -->
<testsuite hostname="Janardhan" failures="0" tests="1" name="Seleniumscript.LoginAutomation" time="6.135" errors="0" timestamp="19 Apr 2022 14:41:27 GMT" skipped="0">
  <testcase classname="Seleniumscript.LoginAutomation" name="login" time="6.135"/>
</testsuite> <!-- Seleniumscript.LoginAutomation -->
